<?xml version="1.0" encoding="UTF-8"?>
<!-- Generated by org.testng.reporters.JUnitXMLReporter -->
<testsuite ignored="4" hostname="DESKTOP-T7URQO6" failures="0" tests="2" name="Test" time="0.067" errors="0" timestamp="2023-01-04T16:36:32 IST">
  <testcase classname="testNG.ClassA" name="login" time="0.009"/>
  <testcase classname="testNG.ClassA" name="logout" time="0.002"/>
  <testcase classname="testNG.ClassA" name="search" time="0.0">
    <ignored/>
  </testcase> <!-- search -->
  <testcase classname="testNG.ClassA" name="addToCart" time="0.0">
    <ignored/>
  </testcase> <!-- addToCart -->
  <testcase classname="testNG.ClassA" name="select" time="0.0">
    <ignored/>
  </testcase> <!-- select -->
  <testcase classname="testNG.ClassA" name="payment" time="0.0">
    <ignored/>
  </testcase> <!-- payment -->
</testsuite> <!-- Test -->
